[01m[K/home/ash/ros2_ws/src/decipher/src/decipher2.cpp:[m[K In member function â€˜[01m[Kvoid DecipherNode::topic_callback(const CipherMessage&) const[m[Kâ€™:
[01m[K/home/ash/ros2_ws/src/decipher/src/decipher2.cpp:57:52:[m[K [01;31m[Kerror: [m[Kâ€˜[01m[Kconst class DecipherNode[m[Kâ€™ has no member named â€˜[01m[Knode[m[Kâ€™; did you mean â€˜[01m[KNode[m[Kâ€™?
   57 |       if (rclcpp::spin_until_future_complete(this->[01;31m[Knode[m[K, result_future)
      |                                                    [01;31m[K^~~~[m[K
      |                                                    [32m[KNode[m[K
gmake[2]: *** [CMakeFiles/listener.dir/build.make:76: CMakeFiles/listener.dir/src/decipher2.cpp.o] Error 1
gmake[1]: *** [CMakeFiles/Makefile2:193: CMakeFiles/listener.dir/all] Error 2
gmake: *** [Makefile:146: all] Error 2
