[0.044s] Invoking command in '/home/ash/ros2_ws/build/decipher': AMENT_PREFIX_PATH=/home/ash/ros2_ws/install/cipher_interfaces:${AMENT_PREFIX_PATH} CMAKE_PREFIX_PATH=/home/ash/ros2_ws/install/cipher_interfaces:/opt/ros/humble LD_LIBRARY_PATH=/home/ash/ros2_ws/install/cipher_interfaces/lib:${LD_LIBRARY_PATH} PYTHONPATH=/home/ash/ros2_ws/install/cipher_interfaces/local/lib/python3.10/dist-packages:${PYTHONPATH} /usr/bin/cmake /home/ash/ros2_ws/src/decipher -DCMAKE_INSTALL_PREFIX=/home/ash/ros2_ws/install/decipher
[0.200s] -- The C compiler identification is GNU 11.4.0
[0.296s] -- The CXX compiler identification is GNU 11.4.0
[0.305s] -- Detecting C compiler ABI info
[0.419s] -- Detecting C compiler ABI info - done
[0.427s] -- Check for working C compiler: /usr/bin/cc - skipped
[0.428s] -- Detecting C compile features
[0.428s] -- Detecting C compile features - done
[0.432s] -- Detecting CXX compiler ABI info
[0.579s] -- Detecting CXX compiler ABI info - done
[0.602s] -- Check for working CXX compiler: /usr/bin/c++ - skipped
[0.602s] -- Detecting CXX compile features
[0.603s] -- Detecting CXX compile features - done
[0.605s] -- Found ament_cmake: 1.3.10 (/opt/ros/humble/share/ament_cmake/cmake)
[0.774s] -- Found Python3: /usr/bin/python3 (found version "3.10.12") found components: Interpreter 
[0.887s] -- Found rclcpp: 16.0.10 (/opt/ros/humble/share/rclcpp/cmake)
[0.940s] -- Found rosidl_generator_c: 3.1.5 (/opt/ros/humble/share/rosidl_generator_c/cmake)
[0.946s] -- Found rosidl_adapter: 3.1.5 (/opt/ros/humble/share/rosidl_adapter/cmake)
[0.958s] -- Found rosidl_generator_cpp: 3.1.5 (/opt/ros/humble/share/rosidl_generator_cpp/cmake)
[0.964s] -- Using all available rosidl_typesupport_c: rosidl_typesupport_fastrtps_c;rosidl_typesupport_introspection_c
[0.979s] -- Using all available rosidl_typesupport_cpp: rosidl_typesupport_fastrtps_cpp;rosidl_typesupport_introspection_cpp
[1.025s] -- Found rmw_implementation_cmake: 6.1.2 (/opt/ros/humble/share/rmw_implementation_cmake/cmake)
[1.035s] -- Found rmw_fastrtps_cpp: 6.2.7 (/opt/ros/humble/share/rmw_fastrtps_cpp/cmake)
[1.203s] -- Found OpenSSL: /usr/lib/x86_64-linux-gnu/libcrypto.so (found version "3.0.2")  
[1.234s] -- Found FastRTPS: /opt/ros/humble/include  
[1.276s] -- Using RMW implementation 'rmw_fastrtps_cpp' as default
[1.286s] -- Looking for pthread.h
[1.414s] -- Looking for pthread.h - found
[1.414s] -- Performing Test CMAKE_HAVE_LIBC_PTHREAD
[1.533s] -- Performing Test CMAKE_HAVE_LIBC_PTHREAD - Success
[1.536s] -- Found Threads: TRUE  
[1.614s] -- Found cipher_interfaces: 0.0.0 (/home/ash/ros2_ws/install/cipher_interfaces/share/cipher_interfaces/cmake)
[1.627s] -- Found ament_lint_auto: 0.12.11 (/opt/ros/humble/share/ament_lint_auto/cmake)
[1.728s] -- Added test 'cppcheck' to perform static code analysis on C / C++ code
[1.728s] -- Configured cppcheck include dirs: 
[1.728s] -- Configured cppcheck exclude dirs and/or files: 
[1.728s] -- Added test 'flake8' to check Python code syntax and style conventions
[1.731s] -- Added test 'lint_cmake' to check CMake code style
[1.731s] -- Added test 'pep257' to check Python code against some of the docstring style conventions in PEP 257
[1.732s] -- Added test 'uncrustify' to check C / C++ code style
[1.732s] -- Configured uncrustify additional arguments: 
[1.733s] -- Added test 'xmllint' to check XML markup files
[1.734s] -- Configuring done
[1.753s] -- Generating done
[1.757s] -- Build files have been written to: /home/ash/ros2_ws/build/decipher
[1.772s] Invoked command in '/home/ash/ros2_ws/build/decipher' returned '0': AMENT_PREFIX_PATH=/home/ash/ros2_ws/install/cipher_interfaces:${AMENT_PREFIX_PATH} CMAKE_PREFIX_PATH=/home/ash/ros2_ws/install/cipher_interfaces:/opt/ros/humble LD_LIBRARY_PATH=/home/ash/ros2_ws/install/cipher_interfaces/lib:${LD_LIBRARY_PATH} PYTHONPATH=/home/ash/ros2_ws/install/cipher_interfaces/local/lib/python3.10/dist-packages:${PYTHONPATH} /usr/bin/cmake /home/ash/ros2_ws/src/decipher -DCMAKE_INSTALL_PREFIX=/home/ash/ros2_ws/install/decipher
[1.773s] Invoking command in '/home/ash/ros2_ws/build/decipher': AMENT_PREFIX_PATH=/home/ash/ros2_ws/install/cipher_interfaces:${AMENT_PREFIX_PATH} CMAKE_PREFIX_PATH=/home/ash/ros2_ws/install/cipher_interfaces:/opt/ros/humble LD_LIBRARY_PATH=/home/ash/ros2_ws/install/cipher_interfaces/lib:${LD_LIBRARY_PATH} PYTHONPATH=/home/ash/ros2_ws/install/cipher_interfaces/local/lib/python3.10/dist-packages:${PYTHONPATH} /usr/bin/cmake --build /home/ash/ros2_ws/build/decipher -- -j14 -l14
[1.918s] [ 16%] [32mBuilding CXX object CMakeFiles/talker.dir/src/test.cpp.o[0m
[1.920s] [ 33%] [32mBuilding CXX object CMakeFiles/listener.dir/src/decipher2.cpp.o[0m
[1.920s] [ 50%] [32mBuilding CXX object CMakeFiles/service.dir/src/testsrv.cpp.o[0m
[5.740s] [01m[K/home/ash/ros2_ws/src/decipher/src/decipher2.cpp:[m[K In member function â€˜[01m[Kvoid DecipherNode::topic_callback(const CipherMessage&) const[m[Kâ€™:
[5.740s] [01m[K/home/ash/ros2_ws/src/decipher/src/decipher2.cpp:57:52:[m[K [01;31m[Kerror: [m[Kâ€˜[01m[Kconst class DecipherNode[m[Kâ€™ has no member named â€˜[01m[Knode[m[Kâ€™; did you mean â€˜[01m[KNode[m[Kâ€™?
[5.740s]    57 |       if (rclcpp::spin_until_future_complete(this->[01;31m[Knode[m[K, result_future)
[5.740s]       |                                                    [01;31m[K^~~~[m[K
[5.740s]       |                                                    [32m[KNode[m[K
[7.339s] [ 66%] [32m[1mLinking CXX executable service[0m
[7.583s] [ 66%] Built target service
[8.596s] [ 83%] [32m[1mLinking CXX executable talker[0m
[8.881s] [ 83%] Built target talker
[9.327s] gmake[2]: *** [CMakeFiles/listener.dir/build.make:76: CMakeFiles/listener.dir/src/decipher2.cpp.o] Error 1
[9.327s] gmake[1]: *** [CMakeFiles/Makefile2:193: CMakeFiles/listener.dir/all] Error 2
[9.352s] gmake: *** [Makefile:146: all] Error 2
[9.355s] Invoked command in '/home/ash/ros2_ws/build/decipher' returned '2': AMENT_PREFIX_PATH=/home/ash/ros2_ws/install/cipher_interfaces:${AMENT_PREFIX_PATH} CMAKE_PREFIX_PATH=/home/ash/ros2_ws/install/cipher_interfaces:/opt/ros/humble LD_LIBRARY_PATH=/home/ash/ros2_ws/install/cipher_interfaces/lib:${LD_LIBRARY_PATH} PYTHONPATH=/home/ash/ros2_ws/install/cipher_interfaces/local/lib/python3.10/dist-packages:${PYTHONPATH} /usr/bin/cmake --build /home/ash/ros2_ws/build/decipher -- -j14 -l14
